# This file was automatically created by FeynRules 2.3.29
# Mathematica version: 10.0 for Linux x86 (64-bit) (September 9, 2014)
# Date: Mon 28 Aug 2017 18:35:53


# 
# This is the logfile for the model EffLRSM

# Authors: R. Ruiz
# Model version: 1.0
# Checking the Quantum numbers
   * Electric charge defined.
# Checking the Lagrangians
   * All Lagrangians are ok.
#
# Particle definitions
#

   * No particles removed. All particles correspond to GenInt setup.

# Automatically assigned PDG numbers
   * Assigned PDG number 9000001 to particle ghA
   * Assigned PDG number 9000002 to particle ghZ
   * Assigned PDG number 9000003 to particle ghWp
   * Assigned PDG number 9000004 to particle ghWm


# Compulsory PDG codes:
   * Class SM leptons complete.
   * Class SM neutrinos complete.
   * Class SM quarks complete.
   * Class SM gauge bosons complete.
#
# Parameter definitions
#

   * Parameter Deltaq1x1 has no value. Default value 1 assigned.
   * Parameter Deltaq1x2 has no value. Default value 1 assigned.
   * Parameter Deltaq1x3 has no value. Default value 1 assigned.
   * Parameter Deltaq2x1 has no value. Default value 1 assigned.
   * Parameter Deltaq2x2 has no value. Default value 1 assigned.
   * Parameter Deltaq2x3 has no value. Default value 1 assigned.
   * Parameter Deltaq3x1 has no value. Default value 1 assigned.
   * Parameter Deltaq3x2 has no value. Default value 1 assigned.
   * Parameter Deltaq3x3 has no value. Default value 1 assigned.


# Vertices
   * Calling FeynmanRules for 1 Lagrangians.
   * Number of classes vertices: 102
   * Number of flavored vertices: 152
   * Saved vertices in InterfaceRun[ 1 ].
   * Checked QNumber conservation.
      - Quantum number GhostNumber conserved in all vertices.
      - Quantum number LeptonNumber NOT conserved in the following vertices
          {WR, N1, e}
          {WR, N2, mu}
          {WR, N3, ta}
          {WRbar, ebar, N1}
          {WRbar, mubar, N2}
          {WRbar, tabar, N3}
      - Quantum number Q conserved in all vertices.
      - Quantum number Y conserved in all vertices.
   * particles.py written.
   * parameters.py written.
#
# Vertex definitions
#

   * 152 vertices written.
   * vertices.py written.
#
# Lorentz structure definitions
#

   * 21 lorentz structures written.
   * lorentz.py written.
#
# Coupling definitions
#

   * 87 couplings written.
   * couplings.py written.
#
# Coupling order definitions
#

   * 0 couplings orders written.
   * coupling_orders.py written.
#
# Decay definitions
#

   * 9 decays written.
   * decay.py not written
#
# CTCoupling definitions
#

   * 0 CTcouplings written.
   * CT_couplings.py written.
